# JRE version: OpenJDK Runtime Environment (8.0_242-b01) (build 1.8.0_242-release-1644-b01)
# Java VM: OpenJDK 64-Bit Server VM (25.242-b01 mixed mode windows-amd64 compressed oops)
Heap:
 PSYoungGen      total 274432K, used 80441K [0x00000000d5580000, 0x00000000ee280000, 0x0000000100000000)
  eden space 226816K, 29% used [0x00000000d5580000,0x00000000d95f73d0,0x00000000e3300000)
  from space 47616K, 30% used [0x00000000e3300000,0x00000000e4117040,0x00000000e6180000)
  to   space 45568K, 0% used [0x00000000eb600000,0x00000000eb600000,0x00000000ee280000)
 ParOldGen       total 167936K, used 52447K [0x0000000080000000, 0x000000008a400000, 0x00000000d5580000)
  object space 167936K, 31% used [0x0000000080000000,0x0000000083337dd0,0x000000008a400000)
 Metaspace       used 103815K, capacity 109324K, committed 109464K, reserved 1144832K
  class space    used 13647K, capacity 14668K, committed 14744K, reserved 1048576K
GC Heap History (10 events):
Event: 4525.550 GC heap before
{Heap before GC invocations=15 (full 3):
 PSYoungGen      total 245248K, used 245239K [0x00000000d5580000, 0x00000000e8700000, 0x0000000100000000)
  eden space 221696K, 100% used [0x00000000d5580000,0x00000000e2e00000,0x00000000e2e00000)
  from space 23552K, 99% used [0x00000000e2e00000,0x00000000e44fdf48,0x00000000e4500000)
  to   space 29184K, 0% used [0x00000000e6a80000,0x00000000e6a80000,0x00000000e8700000)
 ParOldGen       total 133632K, used 45171K [0x0000000080000000, 0x0000000088280000, 0x00000000d5580000)
  object space 133632K, 33% used [0x0000000080000000,0x0000000082c1cfa8,0x0000000088280000)
 Metaspace       used 84157K, capacity 88186K, committed 88344K, reserved 1126400K
  class space    used 11133K, capacity 11967K, committed 12056K, reserved 1048576K
Event: 4525.609 GC heap after
Heap after GC invocations=15 (full 3):
 PSYoungGen      total 243200K, used 29153K [0x00000000d5580000, 0x00000000e8700000, 0x0000000100000000)
  eden space 214016K, 0% used [0x00000000d5580000,0x00000000d5580000,0x00000000e2680000)
  from space 29184K, 99% used [0x00000000e6a80000,0x00000000e86f87b0,0x00000000e8700000)
  to   space 38400K, 0% used [0x00000000e3c00000,0x00000000e3c00000,0x00000000e6180000)
 ParOldGen       total 133632K, used 59245K [0x0000000080000000, 0x0000000088280000, 0x00000000d5580000)
  object space 133632K, 44% used [0x0000000080000000,0x00000000839db540,0x0000000088280000)
 Metaspace       used 84157K, capacity 88186K, committed 88344K, reserved 1126400K
  class space    used 11133K, capacity 11967K, committed 12056K, reserved 1048576K
}
Event: 4530.659 GC heap before
{Heap before GC invocations=16 (full 3):
 PSYoungGen      total 243200K, used 243169K [0x00000000d5580000, 0x00000000e8700000, 0x0000000100000000)
  eden space 214016K, 100% used [0x00000000d5580000,0x00000000e2680000,0x00000000e2680000)
  from space 29184K, 99% used [0x00000000e6a80000,0x00000000e86f87b0,0x00000000e8700000)
  to   space 38400K, 0% used [0x00000000e3c00000,0x00000000e3c00000,0x00000000e6180000)
 ParOldGen       total 133632K, used 59245K [0x0000000080000000, 0x0000000088280000, 0x00000000d5580000)
  object space 133632K, 44% used [0x0000000080000000,0x00000000839db540,0x0000000088280000)
 Metaspace       used 93924K, capacity 98508K, committed 98600K, reserved 1134592K
  class space    used 12279K, capacity 13186K, committed 13208K, reserved 1048576K
Event: 4530.708 GC heap after
Heap after GC invocations=16 (full 3):
 PSYoungGen      total 245248K, used 38387K [0x00000000d5580000, 0x00000000e7680000, 0x0000000100000000)
  eden space 206848K, 0% used [0x00000000d5580000,0x00000000d5580000,0x00000000e1f80000)
  from space 38400K, 99% used [0x00000000e3c00000,0x00000000e617cc80,0x00000000e6180000)
  to   space 21504K, 0% used [0x00000000e6180000,0x00000000e6180000,0x00000000e7680000)
 ParOldGen       total 133632K, used 65376K [0x0000000080000000, 0x0000000088280000, 0x00000000d5580000)
  object space 133632K, 48% used [0x0000000080000000,0x0000000083fd82a0,0x0000000088280000)
 Metaspace       used 93924K, capacity 98508K, committed 98600K, reserved 1134592K
  class space    used 12279K, capacity 13186K, committed 13208K, reserved 1048576K
}
Event: 4530.772 GC heap before
{Heap before GC invocations=17 (full 3):
 PSYoungGen      total 245248K, used 50367K [0x00000000d5580000, 0x00000000e7680000, 0x0000000100000000)
  eden space 206848K, 5% used [0x00000000d5580000,0x00000000d6133300,0x00000000e1f80000)
  from space 38400K, 99% used [0x00000000e3c00000,0x00000000e617cc80,0x00000000e6180000)
  to   space 21504K, 0% used [0x00000000e6180000,0x00000000e6180000,0x00000000e7680000)
 ParOldGen       total 133632K, used 65376K [0x0000000080000000, 0x0000000088280000, 0x00000000d5580000)
  object space 133632K, 48% used [0x0000000080000000,0x0000000083fd82a0,0x0000000088280000)
 Metaspace       used 94048K, capacity 98586K, committed 98600K, reserved 1134592K
  class space    used 12296K, capacity 13199K, committed 13208K, reserved 1048576K
Event: 4530.792 GC heap after
Heap after GC invocations=17 (full 3):
 PSYoungGen      total 248320K, used 21488K [0x00000000d5580000, 0x00000000ecb00000, 0x0000000100000000)
  eden space 226816K, 0% used [0x00000000d5580000,0x00000000d5580000,0x00000000e3300000)
  from space 21504K, 99% used [0x00000000e6180000,0x00000000e767c310,0x00000000e7680000)
  to   space 47616K, 0% used [0x00000000e3300000,0x00000000e3300000,0x00000000e6180000)
 ParOldGen       total 133632K, used 76906K [0x0000000080000000, 0x0000000088280000, 0x00000000d5580000)
  object space 133632K, 57% used [0x0000000080000000,0x0000000084b1a950,0x0000000088280000)
 Metaspace       used 94048K, capacity 98586K, committed 98600K, reserved 1134592K
  class space    used 12296K, capacity 13199K, committed 13208K, reserved 1048576K
}
Event: 4530.809 GC heap before
{Heap before GC invocations=18 (full 4):
 PSYoungGen      total 248320K, used 21488K [0x00000000d5580000, 0x00000000ecb00000, 0x0000000100000000)
  eden space 226816K, 0% used [0x00000000d5580000,0x00000000d5580000,0x00000000e3300000)
  from space 21504K, 99% used [0x00000000e6180000,0x00000000e767c310,0x00000000e7680000)
  to   space 47616K, 0% used [0x00000000e3300000,0x00000000e3300000,0x00000000e6180000)
 ParOldGen       total 133632K, used 76906K [0x0000000080000000, 0x0000000088280000, 0x00000000d5580000)
  object space 133632K, 57% used [0x0000000080000000,0x0000000084b1a950,0x0000000088280000)
 Metaspace       used 94048K, capacity 98586K, committed 98600K, reserved 1134592K
  class space    used 12296K, capacity 13199K, committed 13208K, reserved 1048576K
Event: 4531.092 GC heap after
Heap after GC invocations=18 (full 4):
 PSYoungGen      total 248320K, used 0K [0x00000000d5580000, 0x00000000ecb00000, 0x0000000100000000)
  eden space 226816K, 0% used [0x00000000d5580000,0x00000000d5580000,0x00000000e3300000)
  from space 21504K, 0% used [0x00000000e6180000,0x00000000e6180000,0x00000000e7680000)
  to   space 47616K, 0% used [0x00000000e3300000,0x00000000e3300000,0x00000000e6180000)
 ParOldGen       total 167936K, used 52431K [0x0000000080000000, 0x000000008a400000, 0x00000000d5580000)
  object space 167936K, 31% used [0x0000000080000000,0x0000000083333dd0,0x000000008a400000)
 Metaspace       used 93028K, capacity 96444K, committed 98600K, reserved 1134592K
  class space    used 12061K, capacity 12776K, committed 13208K, reserved 1048576K
}
Event: 4533.050 GC heap before
{Heap before GC invocations=19 (full 4):
 PSYoungGen      total 248320K, used 226816K [0x00000000d5580000, 0x00000000ecb00000, 0x0000000100000000)
  eden space 226816K, 100% used [0x00000000d5580000,0x00000000e3300000,0x00000000e3300000)
  from space 21504K, 0% used [0x00000000e6180000,0x00000000e6180000,0x00000000e7680000)
  to   space 47616K, 0% used [0x00000000e3300000,0x00000000e3300000,0x00000000e6180000)
 ParOldGen       total 167936K, used 52431K [0x0000000080000000, 0x000000008a400000, 0x00000000d5580000)
  object space 167936K, 31% used [0x0000000080000000,0x0000000083333dd0,0x000000008a400000)
 Metaspace       used 103624K, capacity 109034K, committed 109208K, reserved 1144832K
  class space    used 13642K, capacity 14665K, committed 14744K, reserved 1048576K
Event: 4533.066 GC heap after
Heap after GC invocations=19 (full 4):
 PSYoungGen      total 274432K, used 14428K [0x00000000d5580000, 0x00000000ee280000, 0x0000000100000000)
  eden space 226816K, 0% used [0x00000000d5580000,0x00000000d5580000,0x00000000e3300000)
  from space 47616K, 30% used [0x00000000e3300000,0x00000000e4117040,0x00000000e6180000)
  to   space 45568K, 0% used [0x00000000eb600000,0x00000000eb600000,0x00000000ee280000)
 ParOldGen       total 167936K, used 52447K [0x0000000080000000, 0x000000008a400000, 0x00000000d5580000)
  object space 167936K, 31% used [0x0000000080000000,0x0000000083337dd0,0x000000008a400000)
 Metaspace       used 103624K, capacity 109034K, committed 109208K, reserved 1144832K
  class space    used 13642K, capacity 14665K, committed 14744K, reserved 1048576K
}

