# JRE version: OpenJDK Runtime Environment (8.0_242-b01) (build 1.8.0_242-release-1644-b01)
# Java VM: OpenJDK 64-Bit Server VM (25.242-b01 mixed mode windows-amd64 compressed oops)
Heap:
 PSYoungGen      total 334848K, used 87595K [0x00000000d5580000, 0x00000000efa80000, 0x0000000100000000)
  eden space 310784K, 28% used [0x00000000d5580000,0x00000000dab0ae18,0x00000000e8500000)
  from space 24064K, 0% used [0x00000000ee300000,0x00000000ee300000,0x00000000efa80000)
  to   space 24576K, 0% used [0x00000000e8500000,0x00000000e8500000,0x00000000e9d00000)
 ParOldGen       total 99840K, used 88956K [0x0000000080000000, 0x0000000086180000, 0x00000000d5580000)
  object space 99840K, 89% used [0x0000000080000000,0x00000000856df078,0x0000000086180000)
 Metaspace       used 87887K, capacity 92042K, committed 93480K, reserved 1130496K
  class space    used 11700K, capacity 12506K, committed 12848K, reserved 1048576K
GC Heap History (10 events):
Event: 13.963 GC heap before
{Heap before GC invocations=16 (full 3):
 PSYoungGen      total 265728K, used 262565K [0x00000000d5580000, 0x00000000e7300000, 0x0000000100000000)
  eden space 245248K, 100% used [0x00000000d5580000,0x00000000e4500000,0x00000000e4500000)
  from space 20480K, 84% used [0x00000000e5f00000,0x00000000e6fe97b8,0x00000000e7300000)
  to   space 23552K, 0% used [0x00000000e4500000,0x00000000e4500000,0x00000000e5c00000)
 ParOldGen       total 99840K, used 37601K [0x0000000080000000, 0x0000000086180000, 0x00000000d5580000)
  object space 99840K, 37% used [0x0000000080000000,0x00000000824b86b8,0x0000000086180000)
 Metaspace       used 76446K, capacity 80788K, committed 81064K, reserved 1118208K
  class space    used 10578K, capacity 11373K, committed 11440K, reserved 1048576K
Event: 13.988 GC heap after
Heap after GC invocations=16 (full 3):
 PSYoungGen      total 268800K, used 16177K [0x00000000d5580000, 0x00000000eba00000, 0x0000000100000000)
  eden space 245248K, 0% used [0x00000000d5580000,0x00000000d5580000,0x00000000e4500000)
  from space 23552K, 68% used [0x00000000e4500000,0x00000000e54cc760,0x00000000e5c00000)
  to   space 24064K, 0% used [0x00000000ea280000,0x00000000ea280000,0x00000000eba00000)
 ParOldGen       total 99840K, used 50692K [0x0000000080000000, 0x0000000086180000, 0x00000000d5580000)
  object space 99840K, 50% used [0x0000000080000000,0x0000000083181220,0x0000000086180000)
 Metaspace       used 76446K, capacity 80788K, committed 81064K, reserved 1118208K
  class space    used 10578K, capacity 11373K, committed 11440K, reserved 1048576K
}
Event: 14.883 GC heap before
{Heap before GC invocations=17 (full 3):
 PSYoungGen      total 268800K, used 261425K [0x00000000d5580000, 0x00000000eba00000, 0x0000000100000000)
  eden space 245248K, 100% used [0x00000000d5580000,0x00000000e4500000,0x00000000e4500000)
  from space 23552K, 68% used [0x00000000e4500000,0x00000000e54cc760,0x00000000e5c00000)
  to   space 24064K, 0% used [0x00000000ea280000,0x00000000ea280000,0x00000000eba00000)
 ParOldGen       total 99840K, used 50692K [0x0000000080000000, 0x0000000086180000, 0x00000000d5580000)
  object space 99840K, 50% used [0x0000000080000000,0x0000000083181220,0x0000000086180000)
 Metaspace       used 76717K, capacity 81030K, committed 81064K, reserved 1118208K
  class space    used 10582K, capacity 11408K, committed 11440K, reserved 1048576K
Event: 14.892 GC heap after
Heap after GC invocations=17 (full 3):
 PSYoungGen      total 329728K, used 1312K [0x00000000d5580000, 0x00000000eb500000, 0x0000000100000000)
  eden space 310784K, 0% used [0x00000000d5580000,0x00000000d5580000,0x00000000e8500000)
  from space 18944K, 6% used [0x00000000ea280000,0x00000000ea3c8000,0x00000000eb500000)
  to   space 24576K, 0% used [0x00000000e8500000,0x00000000e8500000,0x00000000e9d00000)
 ParOldGen       total 99840K, used 59306K [0x0000000080000000, 0x0000000086180000, 0x00000000d5580000)
  object space 99840K, 59% used [0x0000000080000000,0x00000000839ea858,0x0000000086180000)
 Metaspace       used 76717K, capacity 81030K, committed 81064K, reserved 1118208K
  class space    used 10582K, capacity 11408K, committed 11440K, reserved 1048576K
}
Event: 16.892 GC heap before
{Heap before GC invocations=18 (full 3):
 PSYoungGen      total 329728K, used 312096K [0x00000000d5580000, 0x00000000eb500000, 0x0000000100000000)
  eden space 310784K, 100% used [0x00000000d5580000,0x00000000e8500000,0x00000000e8500000)
  from space 18944K, 6% used [0x00000000ea280000,0x00000000ea3c8000,0x00000000eb500000)
  to   space 24576K, 0% used [0x00000000e8500000,0x00000000e8500000,0x00000000e9d00000)
 ParOldGen       total 99840K, used 59306K [0x0000000080000000, 0x0000000086180000, 0x00000000d5580000)
  object space 99840K, 59% used [0x0000000080000000,0x00000000839ea858,0x0000000086180000)
 Metaspace       used 79482K, capacity 83960K, committed 84264K, reserved 1122304K
  class space    used 10887K, capacity 11731K, committed 11824K, reserved 1048576K
Event: 16.898 GC heap after
Heap after GC invocations=18 (full 3):
 PSYoungGen      total 335360K, used 3762K [0x00000000d5580000, 0x00000000efa80000, 0x0000000100000000)
  eden space 310784K, 0% used [0x00000000d5580000,0x00000000d5580000,0x00000000e8500000)
  from space 24576K, 15% used [0x00000000e8500000,0x00000000e88ac9a8,0x00000000e9d00000)
  to   space 24064K, 0% used [0x00000000ee300000,0x00000000ee300000,0x00000000efa80000)
 ParOldGen       total 99840K, used 59314K [0x0000000080000000, 0x0000000086180000, 0x00000000d5580000)
  object space 99840K, 59% used [0x0000000080000000,0x00000000839ec858,0x0000000086180000)
 Metaspace       used 79482K, capacity 83960K, committed 84264K, reserved 1122304K
  class space    used 10887K, capacity 11731K, committed 11824K, reserved 1048576K
}
Event: 120.748 GC heap before
{Heap before GC invocations=19 (full 3):
 PSYoungGen      total 335360K, used 314546K [0x00000000d5580000, 0x00000000efa80000, 0x0000000100000000)
  eden space 310784K, 100% used [0x00000000d5580000,0x00000000e8500000,0x00000000e8500000)
  from space 24576K, 15% used [0x00000000e8500000,0x00000000e88ac9a8,0x00000000e9d00000)
  to   space 24064K, 0% used [0x00000000ee300000,0x00000000ee300000,0x00000000efa80000)
 ParOldGen       total 99840K, used 59314K [0x0000000080000000, 0x0000000086180000, 0x00000000d5580000)
  object space 99840K, 59% used [0x0000000080000000,0x00000000839ec858,0x0000000086180000)
 Metaspace       used 88236K, capacity 93192K, committed 93480K, reserved 1130496K
  class space    used 11835K, capacity 12735K, committed 12848K, reserved 1048576K
Event: 120.791 GC heap after
Heap after GC invocations=19 (full 3):
 PSYoungGen      total 334848K, used 24051K [0x00000000d5580000, 0x00000000efa80000, 0x0000000100000000)
  eden space 310784K, 0% used [0x00000000d5580000,0x00000000d5580000,0x00000000e8500000)
  from space 24064K, 99% used [0x00000000ee300000,0x00000000efa7ccd0,0x00000000efa80000)
  to   space 24576K, 0% used [0x00000000e8500000,0x00000000e8500000,0x00000000e9d00000)
 ParOldGen       total 99840K, used 84939K [0x0000000080000000, 0x0000000086180000, 0x00000000d5580000)
  object space 99840K, 85% used [0x0000000080000000,0x00000000852f2ee0,0x0000000086180000)
 Metaspace       used 88236K, capacity 93192K, committed 93480K, reserved 1130496K
  class space    used 11835K, capacity 12735K, committed 12848K, reserved 1048576K
}
Event: 120.791 GC heap before
{Heap before GC invocations=20 (full 4):
 PSYoungGen      total 334848K, used 24051K [0x00000000d5580000, 0x00000000efa80000, 0x0000000100000000)
  eden space 310784K, 0% used [0x00000000d5580000,0x00000000d5580000,0x00000000e8500000)
  from space 24064K, 99% used [0x00000000ee300000,0x00000000efa7ccd0,0x00000000efa80000)
  to   space 24576K, 0% used [0x00000000e8500000,0x00000000e8500000,0x00000000e9d00000)
 ParOldGen       total 99840K, used 84939K [0x0000000080000000, 0x0000000086180000, 0x00000000d5580000)
  object space 99840K, 85% used [0x0000000080000000,0x00000000852f2ee0,0x0000000086180000)
 Metaspace       used 88236K, capacity 93192K, committed 93480K, reserved 1130496K
  class space    used 11835K, capacity 12735K, committed 12848K, reserved 1048576K
Event: 121.075 GC heap after
Heap after GC invocations=20 (full 4):
 PSYoungGen      total 334848K, used 0K [0x00000000d5580000, 0x00000000efa80000, 0x0000000100000000)
  eden space 310784K, 0% used [0x00000000d5580000,0x00000000d5580000,0x00000000e8500000)
  from space 24064K, 0% used [0x00000000ee300000,0x00000000ee300000,0x00000000efa80000)
  to   space 24576K, 0% used [0x00000000e8500000,0x00000000e8500000,0x00000000e9d00000)
 ParOldGen       total 99840K, used 88956K [0x0000000080000000, 0x0000000086180000, 0x00000000d5580000)
  object space 99840K, 89% used [0x0000000080000000,0x00000000856df078,0x0000000086180000)
 Metaspace       used 87739K, capacity 91784K, committed 93480K, reserved 1130496K
  class space    used 11672K, capacity 12447K, committed 12848K, reserved 1048576K
}

